<?xml version="1.0" encoding="utf-8"?><testsuites name="pytest tests"><testsuite name="pytest" errors="0" failures="0" skipped="0" tests="27" time="24.514" timestamp="2026-09-13T05:20:01.966972+00:00" hostname="ad1a727c1c05"><testcase classname="tests.sequence.test_kda_prefill_two_checkpoints_gpu" name="test_two_checkpoint_gpu_independent_fp32_oracle[False-minimal]" time="5.671" /><testcase classname="tests.sequence.test_kda_prefill_two_checkpoints_gpu" name="test_two_checkpoint_gpu_independent_fp32_oracle[False-glm-tp4-heads]" time="1.151" /><testcase classname="tests.sequence.test_kda_prefill_two_checkpoints_gpu" name="test_two_checkpoint_gpu_independent_fp32_oracle[False-glm-tp2-heads]" time="1.174" /><testcase classname="tests.sequence.test_kda_prefill_two_checkpoints_gpu" name="test_two_checkpoint_gpu_independent_fp32_oracle[True-minimal]" time="0.018" /><testcase classname="tests.sequence.test_kda_prefill_two_checkpoints_gpu" name="test_two_checkpoint_gpu_independent_fp32_oracle[True-glm-tp4-heads]" time="0.054" /><testcase classname="tests.sequence.test_kda_prefill_two_checkpoints_gpu" name="test_two_checkpoint_gpu_independent_fp32_oracle[True-glm-tp2-heads]" time="0.081" /><testcase classname="tests.sequence.test_kda_prefill_two_checkpoints_gpu" name="test_two_checkpoint_gpu_8k_matches_one_checkpoint_prefixes[glm-tp4-heads]" time="2.087" /><testcase classname="tests.sequence.test_kda_prefill_two_checkpoints_gpu" name="test_two_checkpoint_gpu_8k_matches_one_checkpoint_prefixes[glm-tp2-heads]" time="2.472" /><testcase classname="tests.sequence.test_kda_prefill_two_checkpoints_gpu" name="test_two_checkpoint_gpu_frozen_replay_changes_live_counts_and_offsets" time="0.081" /><testcase classname="tests.sequence.test_kda_prefill_two_checkpoints_gpu" name="test_two_checkpoint_gpu_invalid_metadata_preserves_state[duplicate-slot]" time="1.098" /><testcase classname="tests.sequence.test_kda_prefill_two_checkpoints_gpu" name="test_two_checkpoint_gpu_invalid_metadata_preserves_state[initial-alias]" time="0.003" /><testcase classname="tests.sequence.test_kda_prefill_two_checkpoints_gpu" name="test_two_checkpoint_gpu_invalid_metadata_preserves_state[duplicate-offset]" time="0.003" /><testcase classname="tests.sequence.test_kda_prefill_two_checkpoints_gpu" name="test_two_checkpoint_gpu_invalid_metadata_preserves_state[unaligned]" time="0.003" /><testcase classname="tests.sequence.test_kda_prefill_two_checkpoints_gpu" name="test_two_checkpoint_gpu_invalid_metadata_preserves_state[out-of-range]" time="0.003" /><testcase classname="tests.sequence.test_kda_prefill_two_checkpoints_gpu" name="test_two_checkpoint_gpu_high_pool_offsets" time="2.070" /><testcase classname="tests.sequence.test_kda_prefill_two_checkpoints_gpu" name="test_four_checkpoint_gpu_independent_fp32_oracle[False-minimal]" time="0.852" /><testcase classname="tests.sequence.test_kda_prefill_two_checkpoints_gpu" name="test_four_checkpoint_gpu_independent_fp32_oracle[False-glm-tp4-heads]" time="0.901" /><testcase classname="tests.sequence.test_kda_prefill_two_checkpoints_gpu" name="test_four_checkpoint_gpu_independent_fp32_oracle[True-minimal]" time="0.020" /><testcase classname="tests.sequence.test_kda_prefill_two_checkpoints_gpu" name="test_four_checkpoint_gpu_independent_fp32_oracle[True-glm-tp4-heads]" time="0.056" /><testcase classname="tests.sequence.test_kda_prefill_two_checkpoints_gpu" name="test_four_checkpoint_gpu_8k_matches_fine_and_coarse_prefixes" time="1.259" /><testcase classname="tests.sequence.test_kda_prefill_two_checkpoints_gpu" name="test_four_checkpoint_gpu_frozen_replay_changes_live_counts_and_offsets" time="0.239" /><testcase classname="tests.sequence.test_kda_prefill_two_checkpoints_gpu" name="test_four_checkpoint_gpu_invalid_fourth_metadata_preserves_state[duplicate-slot]" time="0.871" /><testcase classname="tests.sequence.test_kda_prefill_two_checkpoints_gpu" name="test_four_checkpoint_gpu_invalid_fourth_metadata_preserves_state[initial-alias]" time="0.003" /><testcase classname="tests.sequence.test_kda_prefill_two_checkpoints_gpu" name="test_four_checkpoint_gpu_invalid_fourth_metadata_preserves_state[duplicate-offset]" time="0.003" /><testcase classname="tests.sequence.test_kda_prefill_two_checkpoints_gpu" name="test_four_checkpoint_gpu_invalid_fourth_metadata_preserves_state[unaligned]" time="0.003" /><testcase classname="tests.sequence.test_kda_prefill_two_checkpoints_gpu" name="test_four_checkpoint_gpu_invalid_fourth_metadata_preserves_state[out-of-range]" time="0.003" /><testcase classname="tests.sequence.test_kda_prefill_two_checkpoints_gpu" name="test_four_checkpoint_gpu_high_pool_offsets" time="2.418" /></testsuite></testsuites>