<?xml version="1.0" encoding="utf-8"?><testsuites name="pytest tests"><testsuite name="pytest" errors="0" failures="0" skipped="0" tests="64" time="1.950" timestamp="2026-09-13T01:11:05.156238-05:00" hostname="DESKTOP-RMAJ6JK"><testcase classname="sparkcache.test_restore_private_admission" name="test_full_restore_declines_nonempty_local_prefix" time="0.005" /><testcase classname="sparkcache.test_restore_private_admission" name="test_unallocated_offer_is_retired_if_local_prefix_appears" time="0.001" /><testcase classname="sparkcache.test_restore_private_admission" name="test_dispatched_writer_still_prevents_recompute" time="0.001" /><testcase classname="sparkcache.test_restore_private_admission" name="test_allocated_undispatched_restore_still_prevents_recompute" time="0.001" /><testcase classname="sparkcache.test_capture_read_leases" name="test_d21_deduplicated_sources_survive_request_free_and_duplicate_rank_ack" time="0.000" /><testcase classname="sparkcache.test_capture_read_leases" name="test_d21_bad_source_ids_never_take_references[ids0]" time="0.000" /><testcase classname="sparkcache.test_capture_read_leases" name="test_d21_bad_source_ids_never_take_references[ids1]" time="0.000" /><testcase classname="sparkcache.test_capture_read_leases" name="test_d21_bad_source_ids_never_take_references[ids2]" time="0.000" /><testcase classname="sparkcache.test_capture_read_leases" name="test_d21_bad_source_ids_never_take_references[ids3]" time="0.000" /><testcase classname="sparkcache.test_capture_read_leases" name="test_d21_mutable_unhashed_sources_are_not_capture_candidates" time="0.000" /><testcase classname="sparkcache.test_capture_read_leases" name="test_d21_invalid_completion_rank_preserves_all_references" time="0.000" /><testcase classname="sparkcache.test_capture_read_leases" name="test_d21_job_completes_at_read_fence_before_request_or_file_completion" time="0.001" /><testcase classname="sparkcache.test_capture_read_leases" name="test_d22_job_lease_completion_does_not_retain_finished_request_ids[queued]" time="0.001" /><testcase classname="sparkcache.test_capture_read_leases" name="test_d22_job_lease_completion_does_not_retain_finished_request_ids[reading]" time="0.001" /><testcase classname="sparkcache.test_capture_read_leases" name="test_d22_job_lease_completion_does_not_retain_finished_request_ids[completed]" time="0.000" /><testcase classname="sparkcache.test_capture_read_leases" name="test_d21_preemption_never_waits_for_job_copy_and_discards_publication" time="0.001" /><testcase classname="sparkcache.test_capture_read_leases" name="test_d21_uncertain_submit_drain_withholds_job_acknowledgement" time="0.001" /><testcase classname="sparkcache.test_capture_read_leases" name="test_d21_partial_enqueue_failure_drains_off_callback_thread" time="0.015" /><testcase classname="sparkcache.test_capture_read_leases" name="test_d21_uncertain_read_quarantines_refs_without_idle_spin" time="0.000" /><testcase classname="sparkcache.test_capture_read_leases" name="test_d21_native_wrapper_submission_and_recovery_cannot_block_callbacks[backend]" time="0.014" /><testcase classname="sparkcache.test_capture_read_leases" name="test_d21_native_wrapper_submission_and_recovery_cannot_block_callbacks[invalid-ticket]" time="0.015" /><testcase classname="sparkcache.test_capture_read_leases" name="test_d21_shutdown_waits_for_submitting_job_before_releasing_sources" time="0.061" /><testcase classname="sparkcache.test_capture_read_leases" name="test_d21_duplicate_during_shutdown_drain_cannot_acknowledge_owned_read" time="0.001" /><testcase classname="sparkcache.test_capture_read_leases" name="test_d21_retired_job_replay_and_epoch_reset_never_start_native_reads" time="0.001" /><testcase classname="sparkcache.test_capture_read_leases" name="test_d21_watermark_and_wrong_request_do_not_acknowledge_active_job" time="0.001" /><testcase classname="sparkcache.test_capture_read_leases" name="test_d21_invalid_epoch_or_sequence_cannot_submit[epoch:1]" time="0.000" /><testcase classname="sparkcache.test_capture_read_leases" name="test_d21_invalid_epoch_or_sequence_cannot_submit[aaaaaaaaaaaaaaaaaaaaaaaaaaaaaaaa:0]" time="0.000" /><testcase classname="sparkcache.test_capture_read_leases" name="test_d21_invalid_epoch_or_sequence_cannot_submit[aaaaaaaaaaaaaaaaaaaaaaaaaaaaaaaa:01]" time="0.000" /><testcase classname="sparkcache.test_capture_read_leases" name="test_d21_invalid_epoch_or_sequence_cannot_submit[AAAAAAAAAAAAAAAAAAAAAAAAAAAAAAAA:1]" time="0.000" /><testcase classname="sparkcache.test_capture_read_leases" name="test_d21_invalid_epoch_or_sequence_cannot_submit[aaaaaaaaaaaaaaaaaaaaaaaaaaaaaaaa:18446744073709551616]" time="0.000" /><testcase classname="sparkcache.streaming.test_block_lease" name="test_completed_fence_releases_blocks_and_finished_request" time="0.000" /><testcase classname="sparkcache.streaming.test_block_lease" name="test_admission_skips_without_blocking_at_both_capacity_limits" time="0.000" /><testcase classname="sparkcache.streaming.test_block_lease" name="test_overlapping_blocks_are_rejected_without_disturbing_owner" time="0.000" /><testcase classname="sparkcache.streaming.test_block_lease" name="test_cancel_before_submit_releases_but_armed_cancel_is_forbidden" time="0.000" /><testcase classname="sparkcache.streaming.test_block_lease" name="test_abort_synchronizes_armed_and_releases_reserved_leases" time="0.000" /><testcase classname="sparkcache.streaming.test_block_lease" name="test_failed_query_or_synchronize_never_releases_blocks" time="0.000" /><testcase classname="sparkcache.streaming.test_block_lease" name="test_abort_all_drains_every_request" time="0.000" /><testcase classname="sparkcache.streaming.test_block_lease" name="test_invalid_reservations_are_programmer_errors[-block_ids0-request_id]" time="0.000" /><testcase classname="sparkcache.streaming.test_block_lease" name="test_invalid_reservations_are_programmer_errors[req-block_ids1-block_ids]" time="0.000" /><testcase classname="sparkcache.streaming.test_block_lease" name="test_invalid_reservations_are_programmer_errors[req-block_ids2-unique]" time="0.000" /><testcase classname="sparkcache.streaming.test_block_lease" name="test_invalid_reservations_are_programmer_errors[req-block_ids3-non-negative]" time="0.000" /><testcase classname="sparkcache.streaming.test_block_lease" name="test_unknown_delayed_request_is_immediately_releasable" time="0.000" /><testcase classname="sparkcache.streaming.test_block_lease" name="test_preemption_cannot_release_during_submit_to_fence_transition" time="0.021" /><testcase classname="sparkcache.streaming.test_block_lease" name="test_submitter_failure_retains_blocks_as_unknown_and_is_fatal" time="0.000" /><testcase classname="sparkcache.runtime_patches.test_generic_connector_contract" name="test_d21_matching_legacy_hashes_do_not_qualify_job_leases" time="0.012" /><testcase classname="sparkcache.runtime_patches.test_generic_connector_contract" name="test_d21_post_mtp_semantics_are_required_even_with_matching_hashes" time="0.008" /><testcase classname="sparkcache.runtime_patches.test_generic_connector_contract" name="test_d21_missing_pool_lifetime_source_cannot_be_omitted" time="0.011" /><testcase classname="sparkcache.runtime_patches.test_generic_connector_contract" name="test_d21_source_change_cannot_reuse_reviewed_capability_labels" time="0.034" /><testcase classname="sparkcache.runtime_patches.test_verify_lease_contract" name="test_exact_source_is_accepted" time="0.004" /><testcase classname="sparkcache.runtime_patches.test_verify_lease_contract" name="test_mutated_source_fails_closed" time="0.006" /><testcase classname="sparkcache.runtime_patches.test_verify_lease_contract" name="test_declared_class_member_is_required" time="0.005" /><testcase classname="sparkcache.runtime_patches.test_verify_lease_contract" name="test_missing_required_class_member_fails_closed" time="0.005" /><testcase classname="sparkcache.runtime_patches.test_verify_lease_contract" name="test_invalid_required_symbol_name_fails_closed" time="0.008" /><testcase classname="sparkcache.runtime_patches.test_verify_lease_contract" name="test_model_serving_contract_pins_exact_kv_output_aggregator_source" time="0.000" /><testcase classname="sparkcache.runtime_patches.test_verify_lease_contract" name="test_model_serving_contract_accepts_official_upstream_scheduler" time="0.000" /><testcase classname="sparkcache.runtime_patches.test_verify_lease_contract" name="test_kv_output_aggregator_exact_source_is_accepted" time="0.007" /><testcase classname="sparkcache.runtime_patches.test_verify_lease_contract" name="test_kv_output_aggregator_mismatch_fails_closed" time="0.005" /><testcase classname="sparkcache.runtime_patches.test_verify_lease_contract" name="test_kv_output_aggregator_missing_file_fails_closed" time="0.004" /><testcase classname="sparkcache.runtime_patches.test_verify_lease_contract" name="test_named_exact_source_state_is_accepted" time="0.005" /><testcase classname="sparkcache.runtime_patches.test_verify_lease_contract" name="test_unknown_named_source_state_fails_closed" time="0.005" /><testcase classname="sparkcache.runtime_patches.test_verify_lease_contract" name="test_mixed_named_source_states_are_rejected" time="0.013" /><testcase classname="sparkcache.runtime_patches.test_verify_lease_contract" name="test_record_cannot_mix_single_and_named_source_states" time="0.004" /><testcase classname="sparkcache.runtime_patches.test_verify_lease_contract" name="test_contract_path_may_not_escape_root" time="0.004" /><testcase classname="sparkcache.runtime_patches.test_verify_lease_contract" name="test_unsupported_schema_fails_closed" time="0.004" /></testsuite></testsuites>